A D/BUTTER////
A D/COMPLIMIT////
A D/CONVOLVE1////
A D/DCBLOCK////
A D/DECIMATE////
A D/DISTORT////
A D/ELL////
A D/EQ////
A D/FILTERBANK////
A D/FILTSWEEP////
A D/FLANGE////
A D/FOLLOWER////
A D/FREEVERB////
A D/GRANSYNTH////
A D/GRANULATE////
A D/JCHOR////
A D/JDELAY////
A D/JFIR////
A D/JGRAN////
A D/MOOGVCF////
A D/MROOM////
A D/MULTEQ////
A D/MULTIWAVE////
A D/NPAN////
A D/PAN////
A D/QPAN////
A D/REV////
A D/REVERBIT////
A D/ROOM////
A D/SHAPE////
A D/SPECTACLE////
A D/SPECTACLE2////
A D/SPLITTER////
A D/SROOM////
A D/VOCODE2////
A D/VOCODE3////
A D/VOCODESYNTH////
A D/WAVY////
A D/WIGGLE////
A D/denoise////
A D/objlib////
