A D/AM////
A D/AMINST////
A D/CLAR////
A D/COMBIT////
A D/DEL1////
A D/DELAY////
A D/DUMP////
A D/FIR////
A D/FMINST////
A D/HOLO////
A D/IIR////
A D/LPCPLAY////
A D/MARAGRAN////
A D/METAFLUTE////
A D/MMOVE////
A D/MOCKBEND////
A D/MOVE////
A D/MULTICOMB////
A D/NOISE////
A D/PANECHO////
A D/PHASER////
A D/PVOC////
A D/PVOC.maxmsp////
A D/REVMIX////
A D/SCRUB////
A D/SCULPT////
A D/STEREO////
A D/STRUM////
A D/STRUM2////
A D/STRUMFB////
A D/TRANS////
A D/TRANSBEND////
A D/WAVESHAPE////
A D/convolve////
A D/gravy////
A D/mrotate////
A D/numtest////
A D/rotate////
A D/sgran////
A D/stgran////
A D/wow////
